Using pre-set license
Built from '2020.3/staging' branch; Version is '2020.3.23f1 (c5d91304a876) revision 12966163'; Using compiler version '192528614'; Build Type 'Release'
OS: 'Windows 10 Education; OS build 19042.1645; Version 2009; 64bit' Language: 'ko' Physical Memory: 16336 MB
BatchMode: 1, IsHumanControllingUs: 0, StartBugReporterOnCrash: 0, Is64bit: 1, IsPro: 0

COMMAND LINE ARGUMENTS:
E:\hub\2020.3.23f1\Editor\Unity.exe
-adb2
-batchMode
-noUpm
-name
AssetImportWorker0
-projectPath
E:/Mobiletes
-logFile
Logs/AssetImportWorker0.log
-srvPort
14932
Successfully changed project path to: E:/Mobiletes
E:/Mobiletes
Using Asset Import Pipeline V2.
Refreshing native plugins compatible for Editor in 45.66 ms, found 2 plugins.
Preloading 0 native plugins for Editor in 0.00 ms.
Initialize engine version: 2020.3.23f1 (c5d91304a876)
[Subsystems] Discovering subsystems at path E:/hub/2020.3.23f1/Editor/Data/Resources/UnitySubsystems
[Subsystems] Discovering subsystems at path E:/Mobiletes/Assets
GfxDevice: creating device client; threaded=0
Direct3D:
    Version:  Direct3D 11.0 [level 11.1]
    Renderer: NVIDIA GeForce GTX 1060 6GB (ID=0x1c03)
    Vendor:   
    VRAM:     6052 MB
    Driver:   27.21.14.6089
Initialize mono
Mono path[0] = 'E:/hub/2020.3.23f1/Editor/Data/Managed'
Mono path[1] = 'E:/hub/2020.3.23f1/Editor/Data/MonoBleedingEdge/lib/mono/unityjit'
Mono config path = 'E:/hub/2020.3.23f1/Editor/Data/MonoBleedingEdge/etc'
Using monoOptions --debugger-agent=transport=dt_socket,embedding=1,server=y,suspend=n,address=127.0.0.1:56464
Begin MonoManager ReloadAssembly
Registering precompiled unity dll's ...
Register platform support module: E:/hub/2020.3.23f1/Editor/Data/PlaybackEngines/WindowsStandaloneSupport/UnityEditor.WindowsStandalone.Extensions.dll
Registered in 0.002090 seconds.
Native extension for WindowsStandalone target not found
Refreshing native plugins compatible for Editor in 36.83 ms, found 2 plugins.
Preloading 0 native plugins for Editor in 0.00 ms.
Mono: successfully reloaded assembly
- Completed reload, in  0.751 seconds
Domain Reload Profiling:
	ReloadAssembly (751ms)
		BeginReloadAssembly (71ms)
			ExecutionOrderSort (0ms)
			DisableScriptedObjects (0ms)
			BackupInstance (0ms)
			ReleaseScriptingObjects (0ms)
			CreateAndSetChildDomain (1ms)
		EndReloadAssembly (589ms)
			LoadAssemblies (70ms)
			RebuildTransferFunctionScriptingTraits (0ms)
			SetupTypeCache (205ms)
			ReleaseScriptCaches (0ms)
			RebuildScriptCaches (41ms)
			SetupLoadedEditorAssemblies (197ms)
				LogAssemblyErrors (0ms)
				InitializePlatformSupportModulesInManaged (5ms)
				SetLoadedEditorAssemblies (0ms)
				RefreshPlugins (37ms)
				BeforeProcessingInitializeOnLoad (18ms)
				ProcessInitializeOnLoadAttributes (98ms)
				ProcessInitializeOnLoadMethodAttributes (38ms)
				AfterProcessingInitializeOnLoad (0ms)
				EditorAssembliesLoaded (0ms)
			ExecutionOrderSort2 (0ms)
			AwakeInstancesAfterBackupRestoration (0ms)
Platform modules already initialized, skipping
Registering precompiled user dll's ...
Registered in 0.007309 seconds.
Begin MonoManager ReloadAssembly
Native extension for WindowsStandalone target not found
Refreshing native plugins compatible for Editor in 0.36 ms, found 2 plugins.
Preloading 0 native plugins for Editor in 0.00 ms.
Mono: successfully reloaded assembly
- Completed reload, in  1.218 seconds
Domain Reload Profiling:
	ReloadAssembly (1219ms)
		BeginReloadAssembly (169ms)
			ExecutionOrderSort (0ms)
			DisableScriptedObjects (5ms)
			BackupInstance (0ms)
			ReleaseScriptingObjects (0ms)
			CreateAndSetChildDomain (20ms)
		EndReloadAssembly (986ms)
			LoadAssemblies (105ms)
			RebuildTransferFunctionScriptingTraits (0ms)
			SetupTypeCache (364ms)
			ReleaseScriptCaches (0ms)
			RebuildScriptCaches (47ms)
			SetupLoadedEditorAssemblies (362ms)
				LogAssemblyErrors (0ms)
				InitializePlatformSupportModulesInManaged (5ms)
				SetLoadedEditorAssemblies (1ms)
				RefreshPlugins (0ms)
				BeforeProcessingInitializeOnLoad (88ms)
				ProcessInitializeOnLoadAttributes (251ms)
				ProcessInitializeOnLoadMethodAttributes (13ms)
				AfterProcessingInitializeOnLoad (4ms)
				EditorAssembliesLoaded (0ms)
			ExecutionOrderSort2 (0ms)
			AwakeInstancesAfterBackupRestoration (9ms)
Platform modules already initialized, skipping
========================================================================
Worker process is ready to serve import requests
Launched and connected shader compiler UnityShaderCompiler.exe after 0.10 seconds
Refreshing native plugins compatible for Editor in 0.33 ms, found 2 plugins.
Preloading 0 native plugins for Editor in 0.00 ms.
Unloading 1500 Unused Serialized files (Serialized files now loaded: 0)
System memory in use before: 70.0 MB.
System memory in use after: 70.1 MB.

Unloading 19 unused Assets to reduce memory usage. Loaded Objects now: 1932.
Total: 3.474800 ms (FindLiveObjects: 0.193800 ms CreateObjectMapping: 0.082400 ms MarkObjects: 3.083200 ms  DeleteObjects: 0.114000 ms)

AssetImportParameters requested are different than current active one (requested -> active):
  custom:framework-win-MediaFoundation: 216162199b28c13a410421893ffa2e32 -> 
  custom:video-decoder-ogg-theora: a1e56fd34408186e4bbccfd4996cb3dc -> 
  custom:container-muxer-webm: aa71ff27fc2769a1b78a27578f13a17b -> 
  custom:container-demuxer-webm: 4f35f7cbe854078d1ac9338744f61a02 -> 
  custom:container-demuxer-ogg: 62fdf1f143b41e24485cea50d1cbac27 -> 
  custom:video-encoder-webm-vp8: eb34c28f22e8b96e1ab97ce403110664 -> 
  custom:video-codec-MediaFoundation-h265: 746d11721c4dcdbdad8f713fa42b33f4 -> 
  custom:video-decoder-webm-vp8: 9c59270c3fd7afecdb556c50c9e8de78 -> 
  custom:audio-decoder-ogg-vorbis: bf7c407c2cedff20999df2af8eb42d56 -> 
  custom:audio-encoder-webm-vorbis: bf7c407c2cedff20999df2af8eb42d56 -> 
========================================================================
Received Import Request.
  path: Assets/Image/1.png
  artifactKey: Guid(617230bea1ff7e84188abfeb64d1337a) Importer(815301076,1909f56bfc062723c751e8b465ee728b)
Start importing Assets/Image/1.png using Guid(617230bea1ff7e84188abfeb64d1337a) Importer(815301076,1909f56bfc062723c751e8b465ee728b)  -> (artifact id: '324f3e883420e1ea69a9d08c623bee12') in 0.548103 seconds 
  Import took 0.551472 seconds .

========================================================================
Received Import Request.
  Time since last request: 6.226352 seconds.
  path: Assets/Image/1.png
  artifactKey: Guid(617230bea1ff7e84188abfeb64d1337a) Importer(815301076,1909f56bfc062723c751e8b465ee728b)
Start importing Assets/Image/1.png using Guid(617230bea1ff7e84188abfeb64d1337a) Importer(815301076,1909f56bfc062723c751e8b465ee728b)  -> (artifact id: '06f806948e281dfc6559d02cabdce134') in 0.057418 seconds 
  Import took 0.060711 seconds .

========================================================================
Received Import Request.
  Time since last request: 4.893522 seconds.
  path: Assets/Image/1.png
  artifactKey: Guid(617230bea1ff7e84188abfeb64d1337a) Importer(815301076,1909f56bfc062723c751e8b465ee728b)
Start importing Assets/Image/1.png using Guid(617230bea1ff7e84188abfeb64d1337a) Importer(815301076,1909f56bfc062723c751e8b465ee728b)  -> (artifact id: 'c0d156f62b1a36ddf417c1c7d86360e4') in 0.052693 seconds 
  Import took 0.056779 seconds .

========================================================================
Received Import Request.
  Time since last request: 50.181922 seconds.
  path: Assets/Script/ScreenScale.cs
  artifactKey: Guid(6eaa94a351df1434887e8e2d6ba37747) Importer(815301076,1909f56bfc062723c751e8b465ee728b)
Start importing Assets/Script/ScreenScale.cs using Guid(6eaa94a351df1434887e8e2d6ba37747) Importer(815301076,1909f56bfc062723c751e8b465ee728b)  -> (artifact id: '1b0ee6df600f7d962bfc2077c6b6d114') in 0.019045 seconds 
  Import took 0.023194 seconds .

========================================================================
Received Import Request.
  Time since last request: 284.916283 seconds.
  path: Assets/Image/1.png
  artifactKey: Guid(617230bea1ff7e84188abfeb64d1337a) Importer(815301076,1909f56bfc062723c751e8b465ee728b)
Start importing Assets/Image/1.png using Guid(617230bea1ff7e84188abfeb64d1337a) Importer(815301076,1909f56bfc062723c751e8b465ee728b)  -> (artifact id: '763d9dead48745991ef357cca3439243') in 0.047546 seconds 
  Import took 0.052959 seconds .

========================================================================
Received Import Request.
  Time since last request: 12.107191 seconds.
  path: Assets/Image/1.png
  artifactKey: Guid(617230bea1ff7e84188abfeb64d1337a) Importer(815301076,1909f56bfc062723c751e8b465ee728b)
Start importing Assets/Image/1.png using Guid(617230bea1ff7e84188abfeb64d1337a) Importer(815301076,1909f56bfc062723c751e8b465ee728b)  -> (artifact id: 'b77f8680a9701c3052a3397785f93089') in 0.047138 seconds 
  Import took 0.051054 seconds .

========================================================================
Received Prepare
Refreshing native plugins compatible for Editor in 3.76 ms, found 2 plugins.
Preloading 0 native plugins for Editor in 0.00 ms.
Unloading 12 Unused Serialized files (Serialized files now loaded: 0)
System memory in use before: 43.7 MB.
System memory in use after: 43.8 MB.

Unloading 12 unused Assets to reduce memory usage. Loaded Objects now: 1942.
Total: 4.459400 ms (FindLiveObjects: 0.168000 ms CreateObjectMapping: 0.105000 ms MarkObjects: 4.165000 ms  DeleteObjects: 0.019900 ms)

AssetImportParameters requested are different than current active one (requested -> active):
  custom:framework-win-MediaFoundation: 216162199b28c13a410421893ffa2e32 -> 
  custom:video-decoder-ogg-theora: a1e56fd34408186e4bbccfd4996cb3dc -> 
  custom:container-muxer-webm: aa71ff27fc2769a1b78a27578f13a17b -> 
  custom:container-demuxer-webm: 4f35f7cbe854078d1ac9338744f61a02 -> 
  custom:container-demuxer-ogg: 62fdf1f143b41e24485cea50d1cbac27 -> 
  custom:video-encoder-webm-vp8: eb34c28f22e8b96e1ab97ce403110664 -> 
  custom:video-codec-MediaFoundation-h265: 746d11721c4dcdbdad8f713fa42b33f4 -> 
  custom:video-decoder-webm-vp8: 9c59270c3fd7afecdb556c50c9e8de78 -> 
  custom:audio-decoder-ogg-vorbis: bf7c407c2cedff20999df2af8eb42d56 -> 
  custom:audio-encoder-webm-vorbis: bf7c407c2cedff20999df2af8eb42d56 -> 
AssetImportWorkerClient::OnTransportError - code=2 error=End of file
